2026-06-17 00:44:25,338 - __main__ - INFO - \U0001f916 Бот запущен!
2026-06-17 00:44:25,919 - httpx - INFO - HTTP Request: POST https://api.telegram.org/bot8849728164:AAHu2TnTJnfB9nw4HoDh9LP0NZ7ichbiR4M/getMe "HTTP/1.1 200 OK"
2026-06-17 00:44:25,922 - db - INFO - \u2705 База данных инициализирована
2026-06-17 00:44:25,924 - apscheduler.scheduler - INFO - Adding job tentatively -- it will be properly scheduled when the scheduler starts
2026-06-17 00:44:25,924 - __main__ - INFO - \U0001f4c5 Задача morning_post запланирована на 9:00
2026-06-17 00:44:25,924 - apscheduler.scheduler - INFO - Adding job tentatively -- it will be properly scheduled when the scheduler starts
2026-06-17 00:44:25,924 - __main__ - INFO - \U0001f4c5 Задача evening_post запланирована на 19:00
2026-06-17 00:44:25,924 - apscheduler.scheduler - INFO - Added job "scheduled_job" to job store "default"
2026-06-17 00:44:25,924 - apscheduler.scheduler - INFO - Added job "scheduled_job" to job store "default"
2026-06-17 00:44:25,924 - apscheduler.scheduler - INFO - Scheduler started
2026-06-17 00:44:25,925 - __main__ - INFO - \u2705 Планировщик запущен
2026-06-17 00:44:26,073 - httpx - INFO - HTTP Request: POST https://api.telegram.org/bot8849728164:AAHu2TnTJnfB9nw4HoDh9LP0NZ7ichbiR4M/deleteWebhook "HTTP/1.1 200 OK"
2026-06-17 00:44:26,074 - apscheduler.scheduler - INFO - Scheduler started
2026-06-17 00:44:26,074 - telegram.ext.Application - INFO - Application started
2026-06-17 00:44:26,655 - httpx - INFO - HTTP Request: POST https://api.telegram.org/bot8849728164:AAHu2TnTJnfB9nw4HoDh9LP0NZ7ichbiR4M/getUpdates "HTTP/1.1 200 OK"
2026-06-17 00:44:26,846 - httpx - INFO - HTTP Request: POST https://api.telegram.org/bot8849728164:AAHu2TnTJnfB9nw4HoDh9LP0NZ7ichbiR4M/sendMessage "HTTP/1.1 200 OK"
2026-06-17 00:44:36,803 - httpx - INFO - HTTP Request: POST https://api.telegram.org/bot8849728164:AAHu2TnTJnfB9nw4HoDh9LP0NZ7ichbiR4M/getUpdates "HTTP/1.1 200 OK"
2026-06-17 00:44:44,132 - httpx - INFO - HTTP Request: POST https://api.telegram.org/bot8849728164:AAHu2TnTJnfB9nw4HoDh9LP0NZ7ichbiR4M/getUpdates "HTTP/1.1 200 OK"
2026-06-17 00:44:46,134 - httpx - INFO - HTTP Request: POST https://api.telegram.org/bot8849728164:AAHu2TnTJnfB9nw4HoDh9LP0NZ7ichbiR4M/sendPhoto "HTTP/1.1 200 OK"
2026-06-17 00:44:54,276 - httpx - INFO - HTTP Request: POST https://api.telegram.org/bot8849728164:AAHu2TnTJnfB9nw4HoDh9LP0NZ7ichbiR4M/getUpdates "HTTP/1.1 200 OK"
2026-06-17 00:45:04,440 - httpx - INFO - HTTP Request: POST https://api.telegram.org/bot8849728164:AAHu2TnTJnfB9nw4HoDh9LP0NZ7ichbiR4M/getUpdates "HTTP/1.1 200 OK"
2026-06-17 00:45:14,647 - httpx - INFO - HTTP Request: POST https://api.telegram.org/bot8849728164:AAHu2TnTJnfB9nw4HoDh9LP0NZ7ichbiR4M/getUpdates "HTTP/1.1 200 OK"
2026-06-17 00:45:24,841 - httpx - INFO - HTTP Request: POST https://api.telegram.org/bot8849728164:AAHu2TnTJnfB9nw4HoDh9LP0NZ7ichbiR4M/getUpdates "HTTP/1.1 200 OK"
2026-06-17 00:45:35,015 - httpx - INFO - HTTP Request: POST https://api.telegram.org/bot8849728164:AAHu2TnTJnfB9nw4HoDh9LP0NZ7ichbiR4M/getUpdates "HTTP/1.1 200 OK"
2026-06-17 00:45:45,161 - httpx - INFO - HTTP Request: POST https://api.telegram.org/bot8849728164:AAHu2TnTJnfB9nw4HoDh9LP0NZ7ichbiR4M/getUpdates "HTTP/1.1 200 OK"
2026-06-17 00:45:54,941 - httpx - INFO - HTTP Request: POST https://api.telegram.org/bot8849728164:AAHu2TnTJnfB9nw4HoDh9LP0NZ7ichbiR4M/getUpdates "HTTP/1.1 200 OK"
2026-06-17 00:46:05,088 - httpx - INFO - HTTP Request: POST https://api.telegram.org/bot8849728164:AAHu2TnTJnfB9nw4HoDh9LP0NZ7ichbiR4M/getUpdates "HTTP/1.1 200 OK"
2026-06-17 00:46:15,220 - httpx - INFO - HTTP Request: POST https://api.telegram.org/bot8849728164:AAHu2TnTJnfB9nw4HoDh9LP0NZ7ichbiR4M/getUpdates "HTTP/1.1 200 OK"
2026-06-17 00:46:25,449 - httpx - INFO - HTTP Request: POST https://api.telegram.org/bot8849728164:AAHu2TnTJnfB9nw4HoDh9LP0NZ7ichbiR4M/getUpdates "HTTP/1.1 200 OK"
2026-06-17 00:46:35,714 - httpx - INFO - HTTP Request: POST https://api.telegram.org/bot8849728164:AAHu2TnTJnfB9nw4HoDh9LP0NZ7ichbiR4M/getUpdates "HTTP/1.1 200 OK"
2026-06-17 00:46:45,903 - httpx - INFO - HTTP Request: POST https://api.telegram.org/bot8849728164:AAHu2TnTJnfB9nw4HoDh9LP0NZ7ichbiR4M/getUpdates "HTTP/1.1 200 OK"
2026-06-17 00:46:56,042 - httpx - INFO - HTTP Request: POST https://api.telegram.org/bot8849728164:AAHu2TnTJnfB9nw4HoDh9LP0NZ7ichbiR4M/getUpdates "HTTP/1.1 200 OK"
2026-06-17 00:46:56,275 - httpx - INFO - HTTP Request: POST https://api.telegram.org/bot8849728164:AAHu2TnTJnfB9nw4HoDh9LP0NZ7ichbiR4M/getUpdates "HTTP/1.1 200 OK"
2026-06-17 00:46:56,819 - httpx - INFO - HTTP Request: POST https://api.telegram.org/bot8849728164:AAHu2TnTJnfB9nw4HoDh9LP0NZ7ichbiR4M/sendMessage "HTTP/1.1 200 OK"
2026-06-17 00:47:02,776 - httpx - INFO - HTTP Request: POST https://api.telegram.org/bot8849728164:AAHu2TnTJnfB9nw4HoDh9LP0NZ7ichbiR4M/getUpdates "HTTP/1.1 200 OK"
2026-06-17 00:47:03,769 - httpx - INFO - HTTP Request: POST https://api.telegram.org/bot8849728164:AAHu2TnTJnfB9nw4HoDh9LP0NZ7ichbiR4M/sendPhoto "HTTP/1.1 200 OK"
2026-06-17 00:47:09,380 - httpx - INFO - HTTP Request: POST https://api.telegram.org/bot8849728164:AAHu2TnTJnfB9nw4HoDh9LP0NZ7ichbiR4M/getUpdates "HTTP/1.1 200 OK"
2026-06-17 00:47:10,204 - httpx - INFO - HTTP Request: POST https://api.telegram.org/bot8849728164:AAHu2TnTJnfB9nw4HoDh9LP0NZ7ichbiR4M/sendMessage "HTTP/1.1 200 OK"
2026-06-17 00:47:19,578 - httpx - INFO - HTTP Request: POST https://api.telegram.org/bot8849728164:AAHu2TnTJnfB9nw4HoDh9LP0NZ7ichbiR4M/getUpdates "HTTP/1.1 200 OK"
2026-06-17 00:47:29,803 - httpx - INFO - HTTP Request: POST https://api.telegram.org/bot8849728164:AAHu2TnTJnfB9nw4HoDh9LP0NZ7ichbiR4M/getUpdates "HTTP/1.1 200 OK"
2026-06-17 00:47:39,967 - httpx - INFO - HTTP Request: POST https://api.telegram.org/bot8849728164:AAHu2TnTJnfB9nw4HoDh9LP0NZ7ichbiR4M/getUpdates "HTTP/1.1 200 OK"
2026-06-17 00:47:50,120 - httpx - INFO - HTTP Request: POST https://api.telegram.org/bot8849728164:AAHu2TnTJnfB9nw4HoDh9LP0NZ7ichbiR4M/getUpdates "HTTP/1.1 200 OK"
2026-06-17 00:48:00,286 - httpx - INFO - HTTP Request: POST https://api.telegram.org/bot8849728164:AAHu2TnTJnfB9nw4HoDh9LP0NZ7ichbiR4M/getUpdates "HTTP/1.1 200 OK"
2026-06-17 00:48:10,468 - httpx - INFO - HTTP Request: POST https://api.telegram.org/bot8849728164:AAHu2TnTJnfB9nw4HoDh9LP0NZ7ichbiR4M/getUpdates "HTTP/1.1 200 OK"
2026-06-17 00:48:20,729 - httpx - INFO - HTTP Request: POST https://api.telegram.org/bot8849728164:AAHu2TnTJnfB9nw4HoDh9LP0NZ7ichbiR4M/getUpdates "HTTP/1.1 200 OK"
2026-06-17 00:48:30,945 - httpx - INFO - HTTP Request: POST https://api.telegram.org/bot8849728164:AAHu2TnTJnfB9nw4HoDh9LP0NZ7ichbiR4M/getUpdates "HTTP/1.1 200 OK"
2026-06-17 00:48:41,208 - httpx - INFO - HTTP Request: POST https://api.telegram.org/bot8849728164:AAHu2TnTJnfB9nw4HoDh9LP0NZ7ichbiR4M/getUpdates "HTTP/1.1 200 OK"
2026-06-17 00:48:51,444 - httpx - INFO - HTTP Request: POST https://api.telegram.org/bot8849728164:AAHu2TnTJnfB9nw4HoDh9LP0NZ7ichbiR4M/getUpdates "HTTP/1.1 200 OK"
2026-06-17 00:49:01,627 - httpx - INFO - HTTP Request: POST https://api.telegram.org/bot8849728164:AAHu2TnTJnfB9nw4HoDh9LP0NZ7ichbiR4M/getUpdates "HTTP/1.1 200 OK"
2026-06-17 00:49:11,850 - httpx - INFO - HTTP Request: POST https://api.telegram.org/bot8849728164:AAHu2TnTJnfB9nw4HoDh9LP0NZ7ichbiR4M/getUpdates "HTTP/1.1 200 OK"
2026-06-17 00:49:22,054 - httpx - INFO - HTTP Request: POST https://api.telegram.org/bot8849728164:AAHu2TnTJnfB9nw4HoDh9LP0NZ7ichbiR4M/getUpdates "HTTP/1.1 200 OK"
2026-06-17 00:49:32,233 - httpx - INFO - HTTP Request: POST https://api.telegram.org/bot8849728164:AAHu2TnTJnfB9nw4HoDh9LP0NZ7ichbiR4M/getUpdates "HTTP/1.1 200 OK"
2026-06-17 00:49:42,389 - httpx - INFO - HTTP Request: POST https://api.telegram.org/bot8849728164:AAHu2TnTJnfB9nw4HoDh9LP0NZ7ichbiR4M/getUpdates "HTTP/1.1 200 OK"
2026-06-17 00:49:52,575 - httpx - INFO - HTTP Request: POST https://api.telegram.org/bot8849728164:AAHu2TnTJnfB9nw4HoDh9LP0NZ7ichbiR4M/getUpdates "HTTP/1.1 200 OK"
2026-06-17 00:50:02,718 - httpx - INFO - HTTP Request: POST https://api.telegram.org/bot8849728164:AAHu2TnTJnfB9nw4HoDh9LP0NZ7ichbiR4M/getUpdates "HTTP/1.1 200 OK"
2026-06-17 00:50:12,884 - httpx - INFO - HTTP Request: POST https://api.telegram.org/bot8849728164:AAHu2TnTJnfB9nw4HoDh9LP0NZ7ichbiR4M/getUpdates "HTTP/1.1 200 OK"
2026-06-17 00:50:23,027 - httpx - INFO - HTTP Request: POST https://api.telegram.org/bot8849728164:AAHu2TnTJnfB9nw4HoDh9LP0NZ7ichbiR4M/getUpdates "HTTP/1.1 200 OK"
